<?xml version="1.0" encoding="UTF-8"?>
<testng-results skipped="0" failed="0" ignored="0" total="10" passed="10">
  <reporter-output>
  </reporter-output>
  <suite name="Book-Flight-Module" duration-ms="19044" started-at="2023-06-10T09:17:58Z" finished-at="2023-06-10T09:18:17Z">
    <groups>
    </groups>
    <test name="Book-Flight-2" duration-ms="10763" started-at="2023-06-10T09:17:58Z" finished-at="2023-06-10T09:18:09Z">
      <class name="com.newtours.tests.BookFlightsTest">
        <test-method status="PASS" signature="setupDriver(org.testng.ITestContext)[pri:0, instance:com.newtours.tests.BookFlightsTest@60f82f98]" name="setupDriver" is-config="true" duration-ms="1309" started-at="2023-06-10T09:17:58Z" finished-at="2023-06-10T09:18:00Z">
          <params>
            <param index="0">
              <value>
                <![CDATA[org.testng.TestRunner@54e7391d]]>
              </value>
            </param>
          </params>
          <reporter-output>
          </reporter-output>
        </test-method> <!-- setupDriver -->
        <test-method status="PASS" signature="setupParmeter(java.lang.String)[pri:0, instance:com.newtours.tests.BookFlightsTest@60f82f98]" name="setupParmeter" is-config="true" duration-ms="0" started-at="2023-06-10T09:18:00Z" depends-on-methods="com.newtours.tests.tests.BaseTest.setupDriver" finished-at="2023-06-10T09:18:00Z">
          <params>
            <param index="0">
              <value>
                <![CDATA[2]]>
              </value>
            </param>
          </params>
          <reporter-output>
          </reporter-output>
        </test-method> <!-- setupParmeter -->
        <test-method status="PASS" signature="registrationPage()[pri:0, instance:com.newtours.tests.BookFlightsTest@60f82f98]" name="registrationPage" duration-ms="7772" started-at="2023-06-10T09:18:00Z" finished-at="2023-06-10T09:18:08Z">
          <reporter-output>
          </reporter-output>
        </test-method> <!-- registrationPage -->
        <test-method status="PASS" signature="registrationconfirmation()[pri:0, instance:com.newtours.tests.BookFlightsTest@60f82f98]" name="registrationconfirmation" duration-ms="59" started-at="2023-06-10T09:18:08Z" depends-on-methods="com.newtours.tests.BookFlightsTest.registrationPage" finished-at="2023-06-10T09:18:08Z">
          <reporter-output>
          </reporter-output>
        </test-method> <!-- registrationconfirmation -->
        <test-method status="PASS" signature="flightdetailsPage()[pri:0, instance:com.newtours.tests.BookFlightsTest@60f82f98]" name="flightdetailsPage" duration-ms="1355" started-at="2023-06-10T09:18:08Z" depends-on-methods="com.newtours.tests.BookFlightsTest.registrationconfirmation" finished-at="2023-06-10T09:18:09Z">
          <reporter-output>
          </reporter-output>
        </test-method> <!-- flightdetailsPage -->
        <test-method status="PASS" signature="findflightPage()[pri:0, instance:com.newtours.tests.BookFlightsTest@60f82f98]" name="findflightPage" duration-ms="116" started-at="2023-06-10T09:18:09Z" depends-on-methods="com.newtours.tests.BookFlightsTest.flightdetailsPage" finished-at="2023-06-10T09:18:09Z">
          <reporter-output>
          </reporter-output>
        </test-method> <!-- findflightPage -->
        <test-method status="PASS" signature="flightconfirmationPage()[pri:0, instance:com.newtours.tests.BookFlightsTest@60f82f98]" name="flightconfirmationPage" duration-ms="27" started-at="2023-06-10T09:18:09Z" depends-on-methods="com.newtours.tests.BookFlightsTest.findflightPage" finished-at="2023-06-10T09:18:09Z">
          <reporter-output>
          </reporter-output>
        </test-method> <!-- flightconfirmationPage -->
        <test-method status="PASS" signature="quitBrowser()[pri:0, instance:com.newtours.tests.BookFlightsTest@60f82f98]" name="quitBrowser" is-config="true" duration-ms="117" started-at="2023-06-10T09:18:09Z" finished-at="2023-06-10T09:18:09Z">
          <reporter-output>
          </reporter-output>
        </test-method> <!-- quitBrowser -->
        <test-method status="PASS" signature="quitDriver()[pri:0, instance:com.newtours.tests.BookFlightsTest@60f82f98]" name="quitDriver" is-config="true" duration-ms="0" started-at="2023-06-10T09:18:09Z" depends-on-methods="com.newtours.tests.BookFlightsTest.quitBrowser" finished-at="2023-06-10T09:18:09Z">
          <reporter-output>
          </reporter-output>
        </test-method> <!-- quitDriver -->
      </class> <!-- com.newtours.tests.BookFlightsTest -->
    </test> <!-- Book-Flight-2 -->
    <test name="Book-Flight-3" duration-ms="8240" started-at="2023-06-10T09:18:09Z" finished-at="2023-06-10T09:18:17Z">
      <class name="com.newtours.tests.BookFlightsTest">
        <test-method status="PASS" signature="setupDriver(org.testng.ITestContext)[pri:0, instance:com.newtours.tests.BookFlightsTest@1324409e]" name="setupDriver" is-config="true" duration-ms="310" started-at="2023-06-10T09:18:09Z" finished-at="2023-06-10T09:18:10Z">
          <params>
            <param index="0">
              <value>
                <![CDATA[org.testng.TestRunner@50b8ae8d]]>
              </value>
            </param>
          </params>
          <reporter-output>
          </reporter-output>
        </test-method> <!-- setupDriver -->
        <test-method status="PASS" signature="setupParmeter(java.lang.String)[pri:0, instance:com.newtours.tests.BookFlightsTest@1324409e]" name="setupParmeter" is-config="true" duration-ms="1" started-at="2023-06-10T09:18:10Z" depends-on-methods="com.newtours.tests.tests.BaseTest.setupDriver" finished-at="2023-06-10T09:18:10Z">
          <params>
            <param index="0">
              <value>
                <![CDATA[3]]>
              </value>
            </param>
          </params>
          <reporter-output>
          </reporter-output>
        </test-method> <!-- setupParmeter -->
        <test-method status="PASS" signature="registrationPage()[pri:0, instance:com.newtours.tests.BookFlightsTest@1324409e]" name="registrationPage" duration-ms="6214" started-at="2023-06-10T09:18:10Z" finished-at="2023-06-10T09:18:16Z">
          <reporter-output>
          </reporter-output>
        </test-method> <!-- registrationPage -->
        <test-method status="PASS" signature="registrationconfirmation()[pri:0, instance:com.newtours.tests.BookFlightsTest@1324409e]" name="registrationconfirmation" duration-ms="50" started-at="2023-06-10T09:18:16Z" depends-on-methods="com.newtours.tests.BookFlightsTest.registrationPage" finished-at="2023-06-10T09:18:16Z">
          <reporter-output>
          </reporter-output>
        </test-method> <!-- registrationconfirmation -->
        <test-method status="PASS" signature="flightdetailsPage()[pri:0, instance:com.newtours.tests.BookFlightsTest@1324409e]" name="flightdetailsPage" duration-ms="1397" started-at="2023-06-10T09:18:16Z" depends-on-methods="com.newtours.tests.BookFlightsTest.registrationconfirmation" finished-at="2023-06-10T09:18:17Z">
          <reporter-output>
          </reporter-output>
        </test-method> <!-- flightdetailsPage -->
        <test-method status="PASS" signature="findflightPage()[pri:0, instance:com.newtours.tests.BookFlightsTest@1324409e]" name="findflightPage" duration-ms="103" started-at="2023-06-10T09:18:17Z" depends-on-methods="com.newtours.tests.BookFlightsTest.flightdetailsPage" finished-at="2023-06-10T09:18:17Z">
          <reporter-output>
          </reporter-output>
        </test-method> <!-- findflightPage -->
        <test-method status="PASS" signature="flightconfirmationPage()[pri:0, instance:com.newtours.tests.BookFlightsTest@1324409e]" name="flightconfirmationPage" duration-ms="28" started-at="2023-06-10T09:18:17Z" depends-on-methods="com.newtours.tests.BookFlightsTest.findflightPage" finished-at="2023-06-10T09:18:17Z">
          <reporter-output>
          </reporter-output>
        </test-method> <!-- flightconfirmationPage -->
        <test-method status="PASS" signature="quitBrowser()[pri:0, instance:com.newtours.tests.BookFlightsTest@1324409e]" name="quitBrowser" is-config="true" duration-ms="135" started-at="2023-06-10T09:18:17Z" finished-at="2023-06-10T09:18:17Z">
          <reporter-output>
          </reporter-output>
        </test-method> <!-- quitBrowser -->
        <test-method status="PASS" signature="quitDriver()[pri:0, instance:com.newtours.tests.BookFlightsTest@1324409e]" name="quitDriver" is-config="true" duration-ms="0" started-at="2023-06-10T09:18:17Z" depends-on-methods="com.newtours.tests.BookFlightsTest.quitBrowser" finished-at="2023-06-10T09:18:17Z">
          <reporter-output>
          </reporter-output>
        </test-method> <!-- quitDriver -->
      </class> <!-- com.newtours.tests.BookFlightsTest -->
    </test> <!-- Book-Flight-3 -->
  </suite> <!-- Book-Flight-Module -->
</testng-results>
