<?xml version="1.0" encoding="UTF-8"?>
<testng-results skipped="0" failed="0" ignored="0" total="10" passed="10">
  <reporter-output>
  </reporter-output>
  <suite name="Book-Flight-Module" duration-ms="17295" started-at="2023-06-10T18:28:38Z" finished-at="2023-06-10T18:28:56Z">
    <groups>
    </groups>
    <test name="Book-Flight-2" duration-ms="9882" started-at="2023-06-10T18:28:38Z" finished-at="2023-06-10T18:28:48Z">
      <class name="com.newtours.tests.BookFlightsTest">
        <test-method status="PASS" signature="setupDriver(org.testng.ITestContext)[pri:0, instance:com.newtours.tests.BookFlightsTest@60f82f98]" name="setupDriver" is-config="true" duration-ms="2418" started-at="2023-06-10T18:28:38Z" finished-at="2023-06-10T18:28:41Z">
          <params>
            <param index="0">
              <value>
                <![CDATA[org.testng.TestRunner@1af7f54a]]>
              </value>
            </param>
          </params>
          <reporter-output>
          </reporter-output>
        </test-method> <!-- setupDriver -->
        <test-method status="PASS" signature="setupParmeter(java.lang.String)[pri:0, instance:com.newtours.tests.BookFlightsTest@60f82f98]" name="setupParmeter" is-config="true" duration-ms="1" started-at="2023-06-10T18:28:41Z" depends-on-methods="com.newtours.tests.tests.BaseTest.setupDriver" finished-at="2023-06-10T18:28:41Z">
          <params>
            <param index="0">
              <value>
                <![CDATA[2]]>
              </value>
            </param>
          </params>
          <reporter-output>
          </reporter-output>
        </test-method> <!-- setupParmeter -->
        <test-method status="PASS" signature="registrationPage()[pri:0, instance:com.newtours.tests.BookFlightsTest@60f82f98]" name="registrationPage" duration-ms="5778" started-at="2023-06-10T18:28:41Z" finished-at="2023-06-10T18:28:47Z">
          <reporter-output>
          </reporter-output>
        </test-method> <!-- registrationPage -->
        <test-method status="PASS" signature="registrationconfirmation()[pri:0, instance:com.newtours.tests.BookFlightsTest@60f82f98]" name="registrationconfirmation" duration-ms="43" started-at="2023-06-10T18:28:47Z" depends-on-methods="com.newtours.tests.BookFlightsTest.registrationPage" finished-at="2023-06-10T18:28:47Z">
          <reporter-output>
          </reporter-output>
        </test-method> <!-- registrationconfirmation -->
        <test-method status="PASS" signature="flightdetailsPage()[pri:0, instance:com.newtours.tests.BookFlightsTest@60f82f98]" name="flightdetailsPage" duration-ms="1330" started-at="2023-06-10T18:28:47Z" depends-on-methods="com.newtours.tests.BookFlightsTest.registrationconfirmation" finished-at="2023-06-10T18:28:48Z">
          <reporter-output>
          </reporter-output>
        </test-method> <!-- flightdetailsPage -->
        <test-method status="PASS" signature="findflightPage()[pri:0, instance:com.newtours.tests.BookFlightsTest@60f82f98]" name="findflightPage" duration-ms="113" started-at="2023-06-10T18:28:48Z" depends-on-methods="com.newtours.tests.BookFlightsTest.flightdetailsPage" finished-at="2023-06-10T18:28:48Z">
          <reporter-output>
          </reporter-output>
        </test-method> <!-- findflightPage -->
        <test-method status="PASS" signature="flightconfirmationPage()[pri:0, instance:com.newtours.tests.BookFlightsTest@60f82f98]" name="flightconfirmationPage" duration-ms="22" started-at="2023-06-10T18:28:48Z" depends-on-methods="com.newtours.tests.BookFlightsTest.findflightPage" finished-at="2023-06-10T18:28:48Z">
          <reporter-output>
          </reporter-output>
        </test-method> <!-- flightconfirmationPage -->
        <test-method status="PASS" signature="quitBrowser()[pri:0, instance:com.newtours.tests.BookFlightsTest@60f82f98]" name="quitBrowser" is-config="true" duration-ms="163" started-at="2023-06-10T18:28:48Z" finished-at="2023-06-10T18:28:48Z">
          <reporter-output>
          </reporter-output>
        </test-method> <!-- quitBrowser -->
        <test-method status="PASS" signature="quitDriver()[pri:0, instance:com.newtours.tests.BookFlightsTest@60f82f98]" name="quitDriver" is-config="true" duration-ms="0" started-at="2023-06-10T18:28:48Z" depends-on-methods="com.newtours.tests.BookFlightsTest.quitBrowser" finished-at="2023-06-10T18:28:48Z">
          <reporter-output>
          </reporter-output>
        </test-method> <!-- quitDriver -->
      </class> <!-- com.newtours.tests.BookFlightsTest -->
    </test> <!-- Book-Flight-2 -->
    <test name="Book-Flight-3" duration-ms="7374" started-at="2023-06-10T18:28:48Z" finished-at="2023-06-10T18:28:56Z">
      <class name="com.newtours.tests.BookFlightsTest">
        <test-method status="PASS" signature="setupDriver(org.testng.ITestContext)[pri:0, instance:com.newtours.tests.BookFlightsTest@1324409e]" name="setupDriver" is-config="true" duration-ms="477" started-at="2023-06-10T18:28:48Z" finished-at="2023-06-10T18:28:49Z">
          <params>
            <param index="0">
              <value>
                <![CDATA[org.testng.TestRunner@6ebd78d1]]>
              </value>
            </param>
          </params>
          <reporter-output>
          </reporter-output>
        </test-method> <!-- setupDriver -->
        <test-method status="PASS" signature="setupParmeter(java.lang.String)[pri:0, instance:com.newtours.tests.BookFlightsTest@1324409e]" name="setupParmeter" is-config="true" duration-ms="0" started-at="2023-06-10T18:28:49Z" depends-on-methods="com.newtours.tests.tests.BaseTest.setupDriver" finished-at="2023-06-10T18:28:49Z">
          <params>
            <param index="0">
              <value>
                <![CDATA[3]]>
              </value>
            </param>
          </params>
          <reporter-output>
          </reporter-output>
        </test-method> <!-- setupParmeter -->
        <test-method status="PASS" signature="registrationPage()[pri:0, instance:com.newtours.tests.BookFlightsTest@1324409e]" name="registrationPage" duration-ms="5297" started-at="2023-06-10T18:28:49Z" finished-at="2023-06-10T18:28:54Z">
          <reporter-output>
          </reporter-output>
        </test-method> <!-- registrationPage -->
        <test-method status="PASS" signature="registrationconfirmation()[pri:0, instance:com.newtours.tests.BookFlightsTest@1324409e]" name="registrationconfirmation" duration-ms="49" started-at="2023-06-10T18:28:54Z" depends-on-methods="com.newtours.tests.BookFlightsTest.registrationPage" finished-at="2023-06-10T18:28:54Z">
          <reporter-output>
          </reporter-output>
        </test-method> <!-- registrationconfirmation -->
        <test-method status="PASS" signature="flightdetailsPage()[pri:0, instance:com.newtours.tests.BookFlightsTest@1324409e]" name="flightdetailsPage" duration-ms="1264" started-at="2023-06-10T18:28:54Z" depends-on-methods="com.newtours.tests.BookFlightsTest.registrationconfirmation" finished-at="2023-06-10T18:28:55Z">
          <reporter-output>
          </reporter-output>
        </test-method> <!-- flightdetailsPage -->
        <test-method status="PASS" signature="findflightPage()[pri:0, instance:com.newtours.tests.BookFlightsTest@1324409e]" name="findflightPage" duration-ms="94" started-at="2023-06-10T18:28:55Z" depends-on-methods="com.newtours.tests.BookFlightsTest.flightdetailsPage" finished-at="2023-06-10T18:28:55Z">
          <reporter-output>
          </reporter-output>
        </test-method> <!-- findflightPage -->
        <test-method status="PASS" signature="flightconfirmationPage()[pri:0, instance:com.newtours.tests.BookFlightsTest@1324409e]" name="flightconfirmationPage" duration-ms="19" started-at="2023-06-10T18:28:55Z" depends-on-methods="com.newtours.tests.BookFlightsTest.findflightPage" finished-at="2023-06-10T18:28:55Z">
          <reporter-output>
          </reporter-output>
        </test-method> <!-- flightconfirmationPage -->
        <test-method status="PASS" signature="quitBrowser()[pri:0, instance:com.newtours.tests.BookFlightsTest@1324409e]" name="quitBrowser" is-config="true" duration-ms="172" started-at="2023-06-10T18:28:55Z" finished-at="2023-06-10T18:28:56Z">
          <reporter-output>
          </reporter-output>
        </test-method> <!-- quitBrowser -->
        <test-method status="PASS" signature="quitDriver()[pri:0, instance:com.newtours.tests.BookFlightsTest@1324409e]" name="quitDriver" is-config="true" duration-ms="0" started-at="2023-06-10T18:28:56Z" depends-on-methods="com.newtours.tests.BookFlightsTest.quitBrowser" finished-at="2023-06-10T18:28:56Z">
          <reporter-output>
          </reporter-output>
        </test-method> <!-- quitDriver -->
      </class> <!-- com.newtours.tests.BookFlightsTest -->
    </test> <!-- Book-Flight-3 -->
  </suite> <!-- Book-Flight-Module -->
</testng-results>
